c:\users\flameo326\documents\visual studio 2017\projects\chess\chess\debug\vc141.pdb
c:\users\flameo326\documents\visual studio 2017\projects\chess\chess\debug\vc141.idb
c:\users\flameo326\documents\visual studio 2017\projects\chess\chess\debug\player.obj
c:\users\flameo326\documents\visual studio 2017\projects\chess\chess\debug\chessboard.obj
c:\users\flameo326\documents\visual studio 2017\projects\chess\chess\debug\chessgame.obj
c:\users\flameo326\documents\visual studio 2017\projects\chess\chess\debug\chesspiece.obj
c:\users\flameo326\documents\visual studio 2017\projects\chess\chess\debug\pawn.obj
c:\users\flameo326\documents\visual studio 2017\projects\chess\chess\debug\source.obj
c:\users\flameo326\documents\visual studio 2017\projects\chess\chess\debug\king.obj
c:\users\flameo326\documents\visual studio 2017\projects\chess\chess\debug\display.obj
c:\users\flameo326\documents\visual studio 2017\projects\chess\chess\debug\movement.obj
c:\users\flameo326\documents\visual studio 2017\projects\chess\chess\debug\chessboard.obj.enc
c:\users\flameo326\documents\visual studio 2017\projects\chess\debug\chess.pdb
c:\users\flameo326\documents\visual studio 2017\projects\chess\chess\debug\chess.tlog\cl.command.1.tlog
c:\users\flameo326\documents\visual studio 2017\projects\chess\chess\debug\chess.tlog\cl.read.1.tlog
c:\users\flameo326\documents\visual studio 2017\projects\chess\chess\debug\chess.tlog\cl.write.1.tlog
c:\users\flameo326\documents\visual studio 2017\projects\chess\chess\debug\chess.tlog\link-cvtres.read.1.tlog
c:\users\flameo326\documents\visual studio 2017\projects\chess\chess\debug\chess.tlog\link-cvtres.write.1.tlog
c:\users\flameo326\documents\visual studio 2017\projects\chess\chess\debug\chess.tlog\link-rc.read.1.tlog
c:\users\flameo326\documents\visual studio 2017\projects\chess\chess\debug\chess.tlog\link-rc.write.1.tlog
c:\users\flameo326\documents\visual studio 2017\projects\chess\chess\debug\chess.tlog\link.13044-cvtres.read.1.tlog
c:\users\flameo326\documents\visual studio 2017\projects\chess\chess\debug\chess.tlog\link.13044-cvtres.write.1.tlog
c:\users\flameo326\documents\visual studio 2017\projects\chess\chess\debug\chess.tlog\link.13044-rc.read.1.tlog
c:\users\flameo326\documents\visual studio 2017\projects\chess\chess\debug\chess.tlog\link.13044-rc.write.1.tlog
c:\users\flameo326\documents\visual studio 2017\projects\chess\chess\debug\chess.tlog\link.13044.read.1.tlog
c:\users\flameo326\documents\visual studio 2017\projects\chess\chess\debug\chess.tlog\link.13044.write.1.tlog
c:\users\flameo326\documents\visual studio 2017\projects\chess\chess\debug\chess.tlog\link.command.1.tlog
c:\users\flameo326\documents\visual studio 2017\projects\chess\chess\debug\chess.tlog\link.read.1.tlog
c:\users\flameo326\documents\visual studio 2017\projects\chess\chess\debug\chess.tlog\link.write.1.tlog
